<?xml version="1.0" encoding="UTF-8"?>
<!-- Generated by org.testng.reporters.JUnitReportReporter -->
<testsuite hostname="LAPTOP-HKVKN2U0" failures="0" tests="1" name="mavric_POM_QA_AutomationTesting.WebTableHandling" time="90.718" errors="0" timestamp="2023-04-19T23:50:44 IST" skipped="0">
  <testcase classname="mavric_POM_QA_AutomationTesting.WebTableHandling" name="webTableHandling" time="90.718"/>
  <system-out/>
</testsuite> <!-- mavric_POM_QA_AutomationTesting.WebTableHandling -->
